#
# There is insufficient memory for the Java Runtime Environment to continue.
# Native memory allocation (malloc) failed to allocate 1614736 bytes. Error detail: Chunk::new
# Possible reasons:
#   The system is out of physical RAM or swap space
#   This process is running with CompressedOops enabled, and the Java Heap may be blocking the growth of the native heap
# Possible solutions:
#   Reduce memory load on the system
#   Increase physical memory or swap space
#   Check if swap backing store is full
#   Decrease Java heap size (-Xmx/-Xms)
#   Decrease number of Java threads
#   Decrease Java thread stack sizes (-Xss)
#   Set larger code cache with -XX:ReservedCodeCacheSize=
#   JVM is running with Unscaled Compressed Oops mode in which the Java heap is
#     placed in the first 4GB address space. The Java Heap base address is the
#     maximum limit for the native heap growth. Please use -XX:HeapBaseMinAddress
#     to set the Java Heap base and to place the Java Heap above 4GB virtual address.
# This output file may be truncated or incomplete.
#
#  Out of Memory Error (arena.cpp:150), pid=18264, tid=7684
#
# JRE version: OpenJDK Runtime Environment (22.0.2+9) (build 22.0.2+9-70)
# Java VM: OpenJDK 64-Bit Server VM (22.0.2+9-70, mixed mode, sharing, tiered, compressed oops, compressed class ptrs, g1 gc, windows-amd64)
# No core dump will be written. Minidumps are not enabled by default on client versions of Windows
#

---------------  S U M M A R Y ------------

Command Line: -javaagent:C:\Program Files\JetBrains\IntelliJ IDEA Community Edition 2024.2.0.1\lib\idea_rt.jar=61019:C:\Program Files\JetBrains\IntelliJ IDEA Community Edition 2024.2.0.1\bin -Dfile.encoding=UTF-8 -Dsun.stdout.encoding=UTF-8 -Dsun.stderr.encoding=UTF-8 com.user.UserMicroservice.UserMicroserviceApplication

Host: Intel(R) Core(TM) i3-1005G1 CPU @ 1.20GHz, 4 cores, 3G,  Windows 11 , 64 bit Build 26100 (10.0.26100.3775)
Time: Thu Apr 17 03:27:12 2025 India Standard Time elapsed time: 19.772806 seconds (0d 0h 0m 19s)

---------------  T H R E A D  ---------------

Current thread (0x000002100d9efdb0):  JavaThread "C2 CompilerThread1" daemon [_thread_in_native, id=7684, stack(0x0000001e86400000,0x0000001e86500000) (1024K)]


Current CompileTask:
C2:19773 6258   !   4       org.springframework.core.annotation.AnnotationsScanner::processMethodHierarchy (276 bytes)

Stack: [0x0000001e86400000,0x0000001e86500000]
Native frames: (J=compiled Java code, j=interpreted, Vv=VM code, C=native code)
V  [jvm.dll+0x6e26e9]  (no source info available)
V  [jvm.dll+0x875753]  (no source info available)
V  [jvm.dll+0x877b7e]  (no source info available)
V  [jvm.dll+0x878253]  (no source info available)
V  [jvm.dll+0x27fc86]  (no source info available)
V  [jvm.dll+0xc3d0f]  (no source info available)
V  [jvm.dll+0xc3f6b]  (no source info available)
V  [jvm.dll+0x3bb442]  (no source info available)
V  [jvm.dll+0x387d4b]  (no source info available)
V  [jvm.dll+0x3871ba]  (no source info available)
V  [jvm.dll+0x2477f8]  (no source info available)
V  [jvm.dll+0x246e9f]  (no source info available)
V  [jvm.dll+0x1c4e80]  (no source info available)
V  [jvm.dll+0x2568f3]  (no source info available)
V  [jvm.dll+0x254baa]  (no source info available)
V  [jvm.dll+0x3f57a6]  (no source info available)
V  [jvm.dll+0x81dc0b]  (no source info available)
V  [jvm.dll+0x6e0d85]  (no source info available)
C  [ucrtbase.dll+0x37b0]  (no source info available)
C  [KERNEL32.DLL+0x2e8d7]  (no source info available)
C  [ntdll.dll+0xb14fc]  (no source info available)


---------------  P R O C E S S  ---------------

Threads class SMR info:
_java_thread_list=0x000002100e13b010, length=20, elements={
0x0000020fa86c3750, 0x0000020fc5320ae0, 0x0000020fc5322550, 0x0000020fc5325dd0,
0x0000020fc5328d30, 0x0000020fc5329880, 0x0000020fc532a3d0, 0x0000020fc532c260,
0x0000020fc53606d0, 0x0000020fc551a9d0, 0x000002100b274840, 0x000002100b278d00,
0x000002100badcc00, 0x000002100bade640, 0x000002100badecd0, 0x000002100badd290,
0x000002100baddfb0, 0x000002100badf360, 0x000002100d9efdb0, 0x000002100badf9f0
}

Java Threads: ( => current thread )
  0x0000020fa86c3750 JavaThread "main"                              [_thread_in_vm, id=248, stack(0x0000001e84700000,0x0000001e84800000) (1024K)]
  0x0000020fc5320ae0 JavaThread "Reference Handler"          daemon [_thread_blocked, id=5352, stack(0x0000001e84f00000,0x0000001e85000000) (1024K)]
  0x0000020fc5322550 JavaThread "Finalizer"                  daemon [_thread_blocked, id=13076, stack(0x0000001e85000000,0x0000001e85100000) (1024K)]
  0x0000020fc5325dd0 JavaThread "Signal Dispatcher"          daemon [_thread_blocked, id=9808, stack(0x0000001e85100000,0x0000001e85200000) (1024K)]
  0x0000020fc5328d30 JavaThread "Attach Listener"            daemon [_thread_blocked, id=8836, stack(0x0000001e85200000,0x0000001e85300000) (1024K)]
  0x0000020fc5329880 JavaThread "Service Thread"             daemon [_thread_blocked, id=1416, stack(0x0000001e85300000,0x0000001e85400000) (1024K)]
  0x0000020fc532a3d0 JavaThread "Monitor Deflation Thread"   daemon [_thread_blocked, id=17728, stack(0x0000001e85400000,0x0000001e85500000) (1024K)]
  0x0000020fc532c260 JavaThread "C2 CompilerThread0"         daemon [_thread_in_native, id=14740, stack(0x0000001e85500000,0x0000001e85600000) (1024K)]
  0x0000020fc53606d0 JavaThread "C1 CompilerThread0"         daemon [_thread_blocked, id=10140, stack(0x0000001e85600000,0x0000001e85700000) (1024K)]
  0x0000020fc551a9d0 JavaThread "Common-Cleaner"             daemon [_thread_blocked, id=14656, stack(0x0000001e85700000,0x0000001e85800000) (1024K)]
  0x000002100b274840 JavaThread "Monitor Ctrl-Break"         daemon [_thread_in_native, id=2128, stack(0x0000001e85800000,0x0000001e85900000) (1024K)]
  0x000002100b278d00 JavaThread "Notification Thread"        daemon [_thread_blocked, id=7144, stack(0x0000001e85900000,0x0000001e85a00000) (1024K)]
  0x000002100badcc00 JavaThread "Catalina-utility-1"                [_thread_blocked, id=15068, stack(0x0000001e85d00000,0x0000001e85e00000) (1024K)]
  0x000002100bade640 JavaThread "Catalina-utility-2"                [_thread_blocked, id=17744, stack(0x0000001e85e00000,0x0000001e85f00000) (1024K)]
  0x000002100badecd0 JavaThread "container-0"                       [_thread_blocked, id=16452, stack(0x0000001e85f00000,0x0000001e86000000) (1024K)]
  0x000002100badd290 JavaThread "mysql-cj-abandoned-connection-cleanup" daemon [_thread_blocked, id=10564, stack(0x0000001e86000000,0x0000001e86100000) (1024K)]
  0x000002100baddfb0 JavaThread "HikariPool-1 housekeeper"   daemon [_thread_blocked, id=11184, stack(0x0000001e86200000,0x0000001e86300000) (1024K)]
  0x000002100badf360 JavaThread "HikariPool-1 connection adder" daemon [_thread_blocked, id=12228, stack(0x0000001e86300000,0x0000001e86400000) (1024K)]
=>0x000002100d9efdb0 JavaThread "C2 CompilerThread1"         daemon [_thread_in_native, id=7684, stack(0x0000001e86400000,0x0000001e86500000) (1024K)]
  0x000002100badf9f0 JavaThread "spring.cloud.inetutils"     daemon [_thread_blocked, id=15948, stack(0x0000001e86500000,0x0000001e86600000) (1024K)]
Total: 20

Other Threads:
  0x0000020fc5303170 VMThread "VM Thread"                           [id=18000, stack(0x0000001e84e00000,0x0000001e84f00000) (1024K)]
  0x0000020fc52ed0e0 WatcherThread "VM Periodic Task Thread"        [id=10604, stack(0x0000001e84d00000,0x0000001e84e00000) (1024K)]
  0x0000020faa105460 WorkerThread "GC Thread#0"                     [id=11712, stack(0x0000001e84800000,0x0000001e84900000) (1024K)]
  0x000002100b3a70f0 WorkerThread "GC Thread#1"                     [id=15084, stack(0x0000001e85a00000,0x0000001e85b00000) (1024K)]
  0x000002100b5adb90 WorkerThread "GC Thread#2"                     [id=12140, stack(0x0000001e85b00000,0x0000001e85c00000) (1024K)]
  0x000002100b42baf0 WorkerThread "GC Thread#3"                     [id=14256, stack(0x0000001e85c00000,0x0000001e85d00000) (1024K)]
  0x0000020faa10dd50 ConcurrentGCThread "G1 Main Marker"            [id=11872, stack(0x0000001e84900000,0x0000001e84a00000) (1024K)]
  0x0000020faa10f780 WorkerThread "G1 Conc#0"                       [id=14364, stack(0x0000001e84a00000,0x0000001e84b00000) (1024K)]
  0x0000020faa164860 ConcurrentGCThread "G1 Refine#0"               [id=12768, stack(0x0000001e84b00000,0x0000001e84c00000) (1024K)]
  0x0000020faa1667f0 ConcurrentGCThread "G1 Service"                [id=11768, stack(0x0000001e84c00000,0x0000001e84d00000) (1024K)]
Total: 10

Threads with active compile tasks:
C2 CompilerThread0  19964 6068       4       org.springframework.beans.factory.support.AbstractBeanFactory::isTypeMatch (745 bytes)
C1 CompilerThread0  19964 6363       2       org.springframework.boot.web.servlet.context.WebApplicationContextServletContextAwareProcessor::getServletContext (23 bytes)
C2 CompilerThread1  19964 6258   !   4       org.springframework.core.annotation.AnnotationsScanner::processMethodHierarchy (276 bytes)
Total: 3

VM state: not at safepoint (normal execution)

VM Mutex/Monitor currently owned by a thread: None

Heap address: 0x00000000c3800000, size: 968 MB, Compressed Oops mode: 32-bit

CDS archive(s) mapped at: [0x0000020fc6000000-0x0000020fc6c60000-0x0000020fc6c60000), size 12976128, SharedBaseAddress: 0x0000020fc6000000, ArchiveRelocationMode: 1.
Compressed class space mapped at: 0x0000020fc7000000-0x0000021007000000, reserved size: 1073741824
Narrow klass base: 0x0000020fc6000000, Narrow klass shift: 0, Narrow klass range: 0x41000000

GC Precious Log:
 CardTable entry size: 512
 Card Set container configuration: InlinePtr #cards 5 size 8 Array Of Cards #cards 12 size 40 Howl #buckets 4 coarsen threshold 1843 Howl Bitmap #cards 512 size 80 coarsen threshold 460 Card regions per heap region 1 cards per card region 2048
 CPUs: 4 total, 4 available
 Memory: 3871M
 Large Page Support: Disabled
 NUMA Support: Disabled
 Compressed Oops: Enabled (32-bit)
 Heap Region Size: 1M
 Heap Min Capacity: 8M
 Heap Initial Capacity: 62M
 Heap Max Capacity: 968M
 Pre-touch: Disabled
 Parallel Workers: 4
 Concurrent Workers: 1
 Concurrent Refinement Workers: 4
 Periodic GC: Disabled

Heap:
 garbage-first heap   total reserved 991232K, committed 63488K, used 53826K [0x00000000c3800000, 0x0000000100000000)
  region size 1024K, 20 young (20480K), 2 survivors (2048K)
 Metaspace       used 68020K, committed 68800K, reserved 1114112K
  class space    used 9320K, committed 9664K, reserved 1048576K

Heap Regions: E=young(eden), S=young(survivor), O=old, HS=humongous(starts), HC=humongous(continues), CS=collection set, F=free, TAMS=top-at-mark-start, PB=parsable bottom
|   0|0x00000000c3800000, 0x00000000c3900000, 0x00000000c3900000|100%|HS|  |TAMS 0x00000000c3800000| PB 0x00000000c3800000| Complete |  0
|   1|0x00000000c3900000, 0x00000000c3a00000, 0x00000000c3a00000|100%|HS|  |TAMS 0x00000000c3900000| PB 0x00000000c3900000| Complete |  0
|   2|0x00000000c3a00000, 0x00000000c3b00000, 0x00000000c3b00000|100%|HS|  |TAMS 0x00000000c3a00000| PB 0x00000000c3a00000| Complete |  0
|   3|0x00000000c3b00000, 0x00000000c3c00000, 0x00000000c3c00000|100%| O|  |TAMS 0x00000000c3b00000| PB 0x00000000c3b00000| Untracked |  0
|   4|0x00000000c3c00000, 0x00000000c3d00000, 0x00000000c3d00000|100%| O|  |TAMS 0x00000000c3c00000| PB 0x00000000c3c00000| Untracked |  0
|   5|0x00000000c3d00000, 0x00000000c3e00000, 0x00000000c3e00000|100%| O|  |TAMS 0x00000000c3d00000| PB 0x00000000c3d00000| Untracked |  0
|   6|0x00000000c3e00000, 0x00000000c3f00000, 0x00000000c3f00000|100%| O|  |TAMS 0x00000000c3e00000| PB 0x00000000c3e00000| Untracked |  0
|   7|0x00000000c3f00000, 0x00000000c4000000, 0x00000000c4000000|100%| O|  |TAMS 0x00000000c3f00000| PB 0x00000000c3f00000| Untracked |  0
|   8|0x00000000c4000000, 0x00000000c4100000, 0x00000000c4100000|100%| O|  |TAMS 0x00000000c4000000| PB 0x00000000c4000000| Untracked |  0
|   9|0x00000000c4100000, 0x00000000c4200000, 0x00000000c4200000|100%| O|  |TAMS 0x00000000c4100000| PB 0x00000000c4100000| Untracked |  0
|  10|0x00000000c4200000, 0x00000000c4300000, 0x00000000c4300000|100%| O|  |TAMS 0x00000000c4200000| PB 0x00000000c4200000| Untracked |  0
|  11|0x00000000c4300000, 0x00000000c4400000, 0x00000000c4400000|100%| O|  |TAMS 0x00000000c4300000| PB 0x00000000c4300000| Untracked |  0
|  12|0x00000000c4400000, 0x00000000c4500000, 0x00000000c4500000|100%| O|  |TAMS 0x00000000c4400000| PB 0x00000000c4400000| Untracked |  0
|  13|0x00000000c4500000, 0x00000000c4500000, 0x00000000c4600000|  0%| F|  |TAMS 0x00000000c4500000| PB 0x00000000c4500000| Untracked |  0
|  14|0x00000000c4600000, 0x00000000c4700000, 0x00000000c4700000|100%| O|  |TAMS 0x00000000c4600000| PB 0x00000000c4600000| Untracked |  0
|  15|0x00000000c4700000, 0x00000000c4800000, 0x00000000c4800000|100%| O|  |TAMS 0x00000000c4700000| PB 0x00000000c4700000| Untracked |  0
|  16|0x00000000c4800000, 0x00000000c4900000, 0x00000000c4900000|100%| O|  |TAMS 0x00000000c4800000| PB 0x00000000c4800000| Untracked |  0
|  17|0x00000000c4900000, 0x00000000c4a00000, 0x00000000c4a00000|100%| O|  |TAMS 0x00000000c4900000| PB 0x00000000c4900000| Untracked |  0
|  18|0x00000000c4a00000, 0x00000000c4b00000, 0x00000000c4b00000|100%| O|  |TAMS 0x00000000c4a00000| PB 0x00000000c4a00000| Untracked |  0
|  19|0x00000000c4b00000, 0x00000000c4c00000, 0x00000000c4c00000|100%| O|  |TAMS 0x00000000c4b00000| PB 0x00000000c4b00000| Untracked |  0
|  20|0x00000000c4c00000, 0x00000000c4d00000, 0x00000000c4d00000|100%| O|  |TAMS 0x00000000c4c00000| PB 0x00000000c4c00000| Untracked |  0
|  21|0x00000000c4d00000, 0x00000000c4e00000, 0x00000000c4e00000|100%| O|  |TAMS 0x00000000c4d00000| PB 0x00000000c4d00000| Untracked |  0
|  22|0x00000000c4e00000, 0x00000000c4f00000, 0x00000000c4f00000|100%| O|  |TAMS 0x00000000c4e00000| PB 0x00000000c4e00000| Untracked |  0
|  23|0x00000000c4f00000, 0x00000000c5000000, 0x00000000c5000000|100%| O|  |TAMS 0x00000000c4f00000| PB 0x00000000c4f00000| Untracked |  0
|  24|0x00000000c5000000, 0x00000000c5000000, 0x00000000c5100000|  0%| F|  |TAMS 0x00000000c5000000| PB 0x00000000c5000000| Untracked |  0
|  25|0x00000000c5100000, 0x00000000c5200000, 0x00000000c5200000|100%| O|  |TAMS 0x00000000c5100000| PB 0x00000000c5100000| Untracked |  0
|  26|0x00000000c5200000, 0x00000000c5300000, 0x00000000c5300000|100%| O|  |TAMS 0x00000000c5200000| PB 0x00000000c5200000| Untracked |  0
|  27|0x00000000c5300000, 0x00000000c5400000, 0x00000000c5400000|100%| O|  |TAMS 0x00000000c5300000| PB 0x00000000c5300000| Untracked |  0
|  28|0x00000000c5400000, 0x00000000c5500000, 0x00000000c5500000|100%| O|  |TAMS 0x00000000c5400000| PB 0x00000000c5400000| Untracked |  0
|  29|0x00000000c5500000, 0x00000000c5600000, 0x00000000c5600000|100%| O|  |TAMS 0x00000000c5500000| PB 0x00000000c5500000| Untracked |  0
|  30|0x00000000c5600000, 0x00000000c5700000, 0x00000000c5700000|100%| O|  |TAMS 0x00000000c5600000| PB 0x00000000c5600000| Untracked |  0
|  31|0x00000000c5700000, 0x00000000c5800000, 0x00000000c5800000|100%| O|  |TAMS 0x00000000c5700000| PB 0x00000000c5700000| Untracked |  0
|  32|0x00000000c5800000, 0x00000000c5900000, 0x00000000c5900000|100%| O|  |TAMS 0x00000000c5800000| PB 0x00000000c5800000| Untracked |  0
|  33|0x00000000c5900000, 0x00000000c5a00000, 0x00000000c5a00000|100%| O|  |TAMS 0x00000000c5900000| PB 0x00000000c5900000| Untracked |  0
|  34|0x00000000c5a00000, 0x00000000c5b00000, 0x00000000c5b00000|100%| O|  |TAMS 0x00000000c5a00000| PB 0x00000000c5a00000| Untracked |  0
|  35|0x00000000c5b00000, 0x00000000c5b90a60, 0x00000000c5c00000| 56%| O|  |TAMS 0x00000000c5b00000| PB 0x00000000c5b00000| Untracked |  0
|  36|0x00000000c5c00000, 0x00000000c5c00000, 0x00000000c5d00000|  0%| F|  |TAMS 0x00000000c5c00000| PB 0x00000000c5c00000| Untracked |  0
|  37|0x00000000c5d00000, 0x00000000c5d00000, 0x00000000c5e00000|  0%| F|  |TAMS 0x00000000c5d00000| PB 0x00000000c5d00000| Untracked |  0
|  38|0x00000000c5e00000, 0x00000000c5e00000, 0x00000000c5f00000|  0%| F|  |TAMS 0x00000000c5e00000| PB 0x00000000c5e00000| Untracked |  0
|  39|0x00000000c5f00000, 0x00000000c5f00000, 0x00000000c6000000|  0%| F|  |TAMS 0x00000000c5f00000| PB 0x00000000c5f00000| Untracked |  0
|  40|0x00000000c6000000, 0x00000000c6000000, 0x00000000c6100000|  0%| F|  |TAMS 0x00000000c6000000| PB 0x00000000c6000000| Untracked |  0
|  41|0x00000000c6100000, 0x00000000c6200000, 0x00000000c6200000|100%| S|CS|TAMS 0x00000000c6100000| PB 0x00000000c6100000| Complete |  0
|  42|0x00000000c6200000, 0x00000000c6300000, 0x00000000c6300000|100%| S|CS|TAMS 0x00000000c6200000| PB 0x00000000c6200000| Complete |  0
|  43|0x00000000c6300000, 0x00000000c6300000, 0x00000000c6400000|  0%| F|  |TAMS 0x00000000c6300000| PB 0x00000000c6300000| Untracked |  0
|  44|0x00000000c6400000, 0x00000000c6500000, 0x00000000c6500000|100%| E|  |TAMS 0x00000000c6400000| PB 0x00000000c6400000| Complete |  0
|  45|0x00000000c6500000, 0x00000000c6600000, 0x00000000c6600000|100%| E|CS|TAMS 0x00000000c6500000| PB 0x00000000c6500000| Complete |  0
|  46|0x00000000c6600000, 0x00000000c6700000, 0x00000000c6700000|100%| E|CS|TAMS 0x00000000c6600000| PB 0x00000000c6600000| Complete |  0
|  47|0x00000000c6700000, 0x00000000c6800000, 0x00000000c6800000|100%| E|CS|TAMS 0x00000000c6700000| PB 0x00000000c6700000| Complete |  0
|  48|0x00000000c6800000, 0x00000000c6900000, 0x00000000c6900000|100%| E|CS|TAMS 0x00000000c6800000| PB 0x00000000c6800000| Complete |  0
|  49|0x00000000c6900000, 0x00000000c6a00000, 0x00000000c6a00000|100%| E|CS|TAMS 0x00000000c6900000| PB 0x00000000c6900000| Complete |  0
|  50|0x00000000c6a00000, 0x00000000c6b00000, 0x00000000c6b00000|100%| E|CS|TAMS 0x00000000c6a00000| PB 0x00000000c6a00000| Complete |  0
|  51|0x00000000c6b00000, 0x00000000c6c00000, 0x00000000c6c00000|100%| E|CS|TAMS 0x00000000c6b00000| PB 0x00000000c6b00000| Complete |  0
|  52|0x00000000c6c00000, 0x00000000c6d00000, 0x00000000c6d00000|100%| E|CS|TAMS 0x00000000c6c00000| PB 0x00000000c6c00000| Complete |  0
|  53|0x00000000c6d00000, 0x00000000c6e00000, 0x00000000c6e00000|100%| E|CS|TAMS 0x00000000c6d00000| PB 0x00000000c6d00000| Complete |  0
|  54|0x00000000c6e00000, 0x00000000c6f00000, 0x00000000c6f00000|100%| E|CS|TAMS 0x00000000c6e00000| PB 0x00000000c6e00000| Complete |  0
|  55|0x00000000c6f00000, 0x00000000c7000000, 0x00000000c7000000|100%| E|CS|TAMS 0x00000000c6f00000| PB 0x00000000c6f00000| Complete |  0
|  56|0x00000000c7000000, 0x00000000c7100000, 0x00000000c7100000|100%| E|CS|TAMS 0x00000000c7000000| PB 0x00000000c7000000| Complete |  0
|  57|0x00000000c7100000, 0x00000000c7200000, 0x00000000c7200000|100%| E|CS|TAMS 0x00000000c7100000| PB 0x00000000c7100000| Complete |  0
|  58|0x00000000c7200000, 0x00000000c7300000, 0x00000000c7300000|100%| E|CS|TAMS 0x00000000c7200000| PB 0x00000000c7200000| Complete |  0
|  59|0x00000000c7300000, 0x00000000c7400000, 0x00000000c7400000|100%| E|CS|TAMS 0x00000000c7300000| PB 0x00000000c7300000| Complete |  0
|  60|0x00000000c7400000, 0x00000000c7500000, 0x00000000c7500000|100%| E|CS|TAMS 0x00000000c7400000| PB 0x00000000c7400000| Complete |  0
|  61|0x00000000c7500000, 0x00000000c7600000, 0x00000000c7600000|100%| E|CS|TAMS 0x00000000c7500000| PB 0x00000000c7500000| Complete |  0

Card table byte_map: [0x0000020fc1c50000,0x0000020fc1e40000] _byte_map_base: 0x0000020fc1634000

Marking Bits: (CMBitMap*) 0x0000020faa105b70
 Bits: [0x0000020fc1e40000, 0x0000020fc2d60000)

Polling page: 0x0000020faa180000

Metaspace:

Usage:
  Non-class:     57.32 MB used.
      Class:      9.10 MB used.
       Both:     66.43 MB used.

Virtual space:
  Non-class space:       64.00 MB reserved,      57.75 MB ( 90%) committed,  1 nodes.
      Class space:        1.00 GB reserved,       9.44 MB ( <1%) committed,  1 nodes.
             Both:        1.06 GB reserved,      67.19 MB (  6%) committed. 

Chunk freelists:
   Non-Class:  5.92 MB
       Class:  6.42 MB
        Both:  12.34 MB

MaxMetaspaceSize: unlimited
CompressedClassSpaceSize: 1.00 GB
Initial GC threshold: 21.00 MB
Current GC threshold: 95.94 MB
CDS: on
 - commit_granule_bytes: 65536.
 - commit_granule_words: 8192.
 - virtual_space_node_default_size: 8388608.
 - enlarge_chunks_in_place: 1.
 - use_allocation_guard: 0.


Internal statistics:

num_allocs_failed_limit: 6.
num_arena_births: 962.
num_arena_deaths: 0.
num_vsnodes_births: 2.
num_vsnodes_deaths: 0.
num_space_committed: 1075.
num_space_uncommitted: 0.
num_chunks_returned_to_freelist: 6.
num_chunks_taken_from_freelist: 3279.
num_chunk_merges: 6.
num_chunk_splits: 2341.
num_chunks_enlarged: 1839.
num_inconsistent_stats: 0.

CodeHeap 'non-profiled nmethods': size=120000Kb used=3341Kb max_used=3341Kb free=116658Kb
 bounds [0x0000020fb9f00000, 0x0000020fba250000, 0x0000020fc1430000]
CodeHeap 'profiled nmethods': size=120000Kb used=10779Kb max_used=10779Kb free=109221Kb
 bounds [0x0000020fb2430000, 0x0000020fb2ec0000, 0x0000020fb9960000]
CodeHeap 'non-nmethods': size=5760Kb used=1935Kb max_used=2002Kb free=3824Kb
 bounds [0x0000020fb9960000, 0x0000020fb9bd0000, 0x0000020fb9f00000]
 total_blobs=6385 nmethods=5647 adapters=642
 compilation: enabled
              stopped_count=0, restarted_count=0
 full_count=0

Compilation events (20 events):
Event: 18.837 Thread 0x0000020fc53606d0 6297       2       org.springframework.boot.web.servlet.context.WebApplicationContextServletContextAwareProcessor::getServletConfig (23 bytes)
Event: 18.837 Thread 0x0000020fc53606d0 nmethod 6297 0x0000020fb2e7e790 code [0x0000020fb2e7e940, 0x0000020fb2e7ea90]
Event: 18.847 Thread 0x0000020fc53606d0 6298       2       java.lang.reflect.Method::acquireMethodAccessor (55 bytes)
Event: 18.848 Thread 0x0000020fc53606d0 nmethod 6298 0x0000020fb2e7eb90 code [0x0000020fb2e7ed60, 0x0000020fb2e7f0a8]
Event: 18.850 Thread 0x0000020fc53606d0 6299       2       com.fasterxml.jackson.databind.type.ClassKey::<init> (29 bytes)
Event: 18.851 Thread 0x0000020fc53606d0 nmethod 6299 0x0000020fb2e7f290 code [0x0000020fb2e7f440, 0x0000020fb2e7f670]
Event: 18.928 Thread 0x0000020fc53606d0 6300 % !   3       org.springframework.util.ReflectionUtils::doWithLocalMethods @ 15 (71 bytes)
Event: 18.929 Thread 0x0000020fc53606d0 nmethod 6300% 0x0000020fb2e7f790 code [0x0000020fb2e7f9c0, 0x0000020fb2e800a0]
Event: 18.930 Thread 0x0000020fc53606d0 6301   !   3       org.springframework.util.ReflectionUtils::doWithLocalMethods (71 bytes)
Event: 18.931 Thread 0x0000020fc53606d0 nmethod 6301 0x0000020fb2e80390 code [0x0000020fb2e805a0, 0x0000020fb2e80b90]
Event: 18.932 Thread 0x0000020fc53606d0 6302   !   2       jdk.proxy1.$Proxy9::annotationType (29 bytes)
Event: 18.932 Thread 0x0000020fc53606d0 nmethod 6302 0x0000020fb2e80e90 code [0x0000020fb2e81060, 0x0000020fb2e812f0]
Event: 18.932 Thread 0x0000020fc53606d0 6303       2       org.springframework.aop.support.AopUtils::isAopProxy (38 bytes)
Event: 18.933 Thread 0x0000020fc53606d0 nmethod 6303 0x0000020fb2e81490 code [0x0000020fb2e816c0, 0x0000020fb2e81c98]
Event: 18.947 Thread 0x0000020fc53606d0 6306       2       org.springframework.beans.factory.support.DefaultSingletonBeanRegistry::afterSingletonCreation (41 bytes)
Event: 18.948 Thread 0x0000020fc53606d0 nmethod 6306 0x0000020fb2e82010 code [0x0000020fb2e821e0, 0x0000020fb2e82478]
Event: 18.954 Thread 0x0000020fc53606d0 6307       2       java.lang.invoke.LambdaForm$MH/0x0000020fc74c0400::invoke (42 bytes)
Event: 18.955 Thread 0x0000020fc53606d0 nmethod 6307 0x0000020fb2e82610 code [0x0000020fb2e82800, 0x0000020fb2e82b90]
Event: 18.961 Thread 0x0000020fc53606d0 6308       2       org.springframework.core.annotation.AnnotatedElementUtils$AnnotatedElementForAnnotations::getDeclaredAnnotations (11 bytes)
Event: 18.961 Thread 0x0000020fc53606d0 nmethod 6308 0x0000020fb2e82e10 code [0x0000020fb2e82fc0, 0x0000020fb2e83150]

GC Heap History (20 events):
Event: 8.520 GC heap before
{Heap before GC invocations=5 (full 0):
 garbage-first heap   total reserved 991232K, committed 63488K, used 25474K [0x00000000c3800000, 0x0000000100000000)
  region size 1024K, 7 young (7168K), 2 survivors (2048K)
 Metaspace       used 21248K, committed 21504K, reserved 1114112K
  class space    used 2567K, committed 2688K, reserved 1048576K
}
Event: 8.523 GC heap after
{Heap after GC invocations=6 (full 0):
 garbage-first heap   total reserved 991232K, committed 63488K, used 23106K [0x00000000c3800000, 0x0000000100000000)
  region size 1024K, 3 young (3072K), 3 survivors (3072K)
 Metaspace       used 21248K, committed 21504K, reserved 1114112K
  class space    used 2567K, committed 2688K, reserved 1048576K
}
Event: 9.894 GC heap before
{Heap before GC invocations=7 (full 0):
 garbage-first heap   total reserved 991232K, committed 63488K, used 47682K [0x00000000c3800000, 0x0000000100000000)
  region size 1024K, 28 young (28672K), 3 survivors (3072K)
 Metaspace       used 23778K, committed 24064K, reserved 1114112K
  class space    used 2873K, committed 3008K, reserved 1048576K
}
Event: 9.901 GC heap after
{Heap after GC invocations=8 (full 0):
 garbage-first heap   total reserved 991232K, committed 63488K, used 24076K [0x00000000c3800000, 0x0000000100000000)
  region size 1024K, 3 young (3072K), 3 survivors (3072K)
 Metaspace       used 23778K, committed 24064K, reserved 1114112K
  class space    used 2873K, committed 3008K, reserved 1048576K
}
Event: 11.172 GC heap before
{Heap before GC invocations=8 (full 0):
 garbage-first heap   total reserved 991232K, committed 63488K, used 50700K [0x00000000c3800000, 0x0000000100000000)
  region size 1024K, 29 young (29696K), 3 survivors (3072K)
 Metaspace       used 27874K, committed 28224K, reserved 1114112K
  class space    used 3567K, committed 3712K, reserved 1048576K
}
Event: 11.183 GC heap after
{Heap after GC invocations=9 (full 0):
 garbage-first heap   total reserved 991232K, committed 63488K, used 25143K [0x00000000c3800000, 0x0000000100000000)
  region size 1024K, 2 young (2048K), 2 survivors (2048K)
 Metaspace       used 27874K, committed 28224K, reserved 1114112K
  class space    used 3567K, committed 3712K, reserved 1048576K
}
Event: 12.217 GC heap before
{Heap before GC invocations=9 (full 0):
 garbage-first heap   total reserved 991232K, committed 63488K, used 52791K [0x00000000c3800000, 0x0000000100000000)
  region size 1024K, 29 young (29696K), 2 survivors (2048K)
 Metaspace       used 33377K, committed 33856K, reserved 1114112K
  class space    used 4320K, committed 4544K, reserved 1048576K
}
Event: 12.228 GC heap after
{Heap after GC invocations=10 (full 0):
 garbage-first heap   total reserved 991232K, committed 63488K, used 28223K [0x00000000c3800000, 0x0000000100000000)
  region size 1024K, 4 young (4096K), 4 survivors (4096K)
 Metaspace       used 33377K, committed 33856K, reserved 1114112K
  class space    used 4320K, committed 4544K, reserved 1048576K
}
Event: 12.844 GC heap before
{Heap before GC invocations=10 (full 0):
 garbage-first heap   total reserved 991232K, committed 63488K, used 42559K [0x00000000c3800000, 0x0000000100000000)
  region size 1024K, 19 young (19456K), 4 survivors (4096K)
 Metaspace       used 35782K, committed 36288K, reserved 1114112K
  class space    used 4640K, committed 4864K, reserved 1048576K
}
Event: 12.851 GC heap after
{Heap after GC invocations=11 (full 0):
 garbage-first heap   total reserved 991232K, committed 63488K, used 29471K [0x00000000c3800000, 0x0000000100000000)
  region size 1024K, 1 young (1024K), 1 survivors (1024K)
 Metaspace       used 35782K, committed 36288K, reserved 1114112K
  class space    used 4640K, committed 4864K, reserved 1048576K
}
Event: 14.011 GC heap before
{Heap before GC invocations=12 (full 0):
 garbage-first heap   total reserved 991232K, committed 63488K, used 55071K [0x00000000c3800000, 0x0000000100000000)
  region size 1024K, 26 young (26624K), 1 survivors (1024K)
 Metaspace       used 42455K, committed 43008K, reserved 1114112K
  class space    used 5705K, committed 5952K, reserved 1048576K
}
Event: 14.018 GC heap after
{Heap after GC invocations=13 (full 0):
 garbage-first heap   total reserved 991232K, committed 63488K, used 31183K [0x00000000c3800000, 0x0000000100000000)
  region size 1024K, 3 young (3072K), 3 survivors (3072K)
 Metaspace       used 42455K, committed 43008K, reserved 1114112K
  class space    used 5705K, committed 5952K, reserved 1048576K
}
Event: 15.643 GC heap before
{Heap before GC invocations=13 (full 0):
 garbage-first heap   total reserved 991232K, committed 63488K, used 54735K [0x00000000c3800000, 0x0000000100000000)
  region size 1024K, 27 young (27648K), 3 survivors (3072K)
 Metaspace       used 51201K, committed 51776K, reserved 1114112K
  class space    used 6821K, committed 7040K, reserved 1048576K
}
Event: 15.649 GC heap after
{Heap after GC invocations=14 (full 0):
 garbage-first heap   total reserved 991232K, committed 63488K, used 32733K [0x00000000c3800000, 0x0000000100000000)
  region size 1024K, 4 young (4096K), 4 survivors (4096K)
 Metaspace       used 51201K, committed 51776K, reserved 1114112K
  class space    used 6821K, committed 7040K, reserved 1048576K
}
Event: 16.385 GC heap before
{Heap before GC invocations=14 (full 0):
 garbage-first heap   total reserved 991232K, committed 63488K, used 54237K [0x00000000c3800000, 0x0000000100000000)
  region size 1024K, 26 young (26624K), 4 survivors (4096K)
 Metaspace       used 58115K, committed 58688K, reserved 1114112K
  class space    used 7900K, committed 8128K, reserved 1048576K
}
Event: 16.391 GC heap after
{Heap after GC invocations=15 (full 0):
 garbage-first heap   total reserved 991232K, committed 63488K, used 34222K [0x00000000c3800000, 0x0000000100000000)
  region size 1024K, 2 young (2048K), 2 survivors (2048K)
 Metaspace       used 58115K, committed 58688K, reserved 1114112K
  class space    used 7900K, committed 8128K, reserved 1048576K
}
Event: 17.293 GC heap before
{Heap before GC invocations=16 (full 0):
 garbage-first heap   total reserved 991232K, committed 63488K, used 54702K [0x00000000c3800000, 0x0000000100000000)
  region size 1024K, 23 young (23552K), 2 survivors (2048K)
 Metaspace       used 63260K, committed 63872K, reserved 1114112K
  class space    used 8613K, committed 8896K, reserved 1048576K
}
Event: 17.298 GC heap after
{Heap after GC invocations=17 (full 0):
 garbage-first heap   total reserved 991232K, committed 63488K, used 35530K [0x00000000c3800000, 0x0000000100000000)
  region size 1024K, 3 young (3072K), 3 survivors (3072K)
 Metaspace       used 63260K, committed 63872K, reserved 1114112K
  class space    used 8613K, committed 8896K, reserved 1048576K
}
Event: 18.278 GC heap before
{Heap before GC invocations=17 (full 0):
 garbage-first heap   total reserved 991232K, committed 63488K, used 54986K [0x00000000c3800000, 0x0000000100000000)
  region size 1024K, 22 young (22528K), 3 survivors (3072K)
 Metaspace       used 65511K, committed 66176K, reserved 1114112K
  class space    used 8986K, committed 9280K, reserved 1048576K
}
Event: 18.287 GC heap after
{Heap after GC invocations=18 (full 0):
 garbage-first heap   total reserved 991232K, committed 63488K, used 36418K [0x00000000c3800000, 0x0000000100000000)
  region size 1024K, 2 young (2048K), 2 survivors (2048K)
 Metaspace       used 65511K, committed 66176K, reserved 1114112K
  class space    used 8986K, committed 9280K, reserved 1048576K
}

Dll operation events (15 events):
Event: 0.072 Loaded shared library C:\Users\TRIMOYEE\.jdks\openjdk-22.0.2\bin\java.dll
Event: 0.157 Loaded shared library C:\Users\TRIMOYEE\.jdks\openjdk-22.0.2\bin\jsvml.dll
Event: 0.896 Loaded shared library C:\Users\TRIMOYEE\.jdks\openjdk-22.0.2\bin\zip.dll
Event: 1.004 Loaded shared library C:\Users\TRIMOYEE\.jdks\openjdk-22.0.2\bin\instrument.dll
Event: 1.048 Loaded shared library C:\Users\TRIMOYEE\.jdks\openjdk-22.0.2\bin\net.dll
Event: 1.094 Loaded shared library C:\Users\TRIMOYEE\.jdks\openjdk-22.0.2\bin\nio.dll
Event: 1.197 Loaded shared library C:\Users\TRIMOYEE\.jdks\openjdk-22.0.2\bin\zip.dll
Event: 2.365 Loaded shared library C:\Program Files\JetBrains\IntelliJ IDEA Community Edition 2024.2.0.1\bin\breakgen64.dll
Event: 2.406 Loaded shared library C:\Users\TRIMOYEE\.jdks\openjdk-22.0.2\bin\extnet.dll
Event: 2.595 Loaded shared library C:\Users\TRIMOYEE\.jdks\openjdk-22.0.2\bin\jimage.dll
Event: 6.260 Loaded shared library C:\Users\TRIMOYEE\.jdks\openjdk-22.0.2\bin\le.dll
Event: 7.320 Loaded shared library C:\Users\TRIMOYEE\.jdks\openjdk-22.0.2\bin\sunmscapi.dll
Event: 12.150 Loaded shared library C:\Users\TRIMOYEE\.jdks\openjdk-22.0.2\bin\management.dll
Event: 12.155 Loaded shared library C:\Users\TRIMOYEE\.jdks\openjdk-22.0.2\bin\management_ext.dll
Event: 13.352 Loaded shared library C:\Users\TRIMOYEE\.jdks\openjdk-22.0.2\bin\verify.dll

Deoptimization events (20 events):
Event: 18.527 Thread 0x0000020fa86c3750 DEOPT PACKING pc=0x0000020fba1f57d4 sp=0x0000001e847fdf90
Event: 18.527 Thread 0x0000020fa86c3750 DEOPT UNPACKING pc=0x0000020fb99b7da2 sp=0x0000001e847fdf88 mode 2
Event: 18.528 Thread 0x0000020fa86c3750 Uncommon trap: trap_request=0xffffffc6 fr.pc=0x0000020fba2271a4 relative=0x0000000000001ce4
Event: 18.528 Thread 0x0000020fa86c3750 Uncommon trap: reason=bimorphic_or_optimized_type_check action=maybe_recompile pc=0x0000020fba2271a4 method=org.springframework.core.annotation.AnnotationsScanner.processMethodHierarchy(Ljava/lang/Object;[ILjava/lang/Class;Lorg/springframework/core/annota
Event: 18.528 Thread 0x0000020fa86c3750 DEOPT PACKING pc=0x0000020fba2271a4 sp=0x0000001e847fdfa0
Event: 18.528 Thread 0x0000020fa86c3750 DEOPT UNPACKING pc=0x0000020fb99b7da2 sp=0x0000001e847fdfc8 mode 2
Event: 18.529 Thread 0x0000020fa86c3750 Uncommon trap: trap_request=0xffffffc6 fr.pc=0x0000020fba1f57d4 relative=0x0000000000001ed4
Event: 18.529 Thread 0x0000020fa86c3750 Uncommon trap: reason=bimorphic_or_optimized_type_check action=maybe_recompile pc=0x0000020fba1f57d4 method=org.springframework.core.annotation.AnnotationsScanner.processClassHierarchy(Ljava/lang/Object;[ILjava/lang/Class;Lorg/springframework/core/annotat
Event: 18.529 Thread 0x0000020fa86c3750 DEOPT PACKING pc=0x0000020fba1f57d4 sp=0x0000001e847fdf90
Event: 18.529 Thread 0x0000020fa86c3750 DEOPT UNPACKING pc=0x0000020fb99b7da2 sp=0x0000001e847fdf88 mode 2
Event: 18.530 Thread 0x0000020fa86c3750 Uncommon trap: trap_request=0xffffffc6 fr.pc=0x0000020fba2271a4 relative=0x0000000000001ce4
Event: 18.530 Thread 0x0000020fa86c3750 Uncommon trap: reason=bimorphic_or_optimized_type_check action=maybe_recompile pc=0x0000020fba2271a4 method=org.springframework.core.annotation.AnnotationsScanner.processMethodHierarchy(Ljava/lang/Object;[ILjava/lang/Class;Lorg/springframework/core/annota
Event: 18.530 Thread 0x0000020fa86c3750 DEOPT PACKING pc=0x0000020fba2271a4 sp=0x0000001e847fdfa0
Event: 18.530 Thread 0x0000020fa86c3750 DEOPT UNPACKING pc=0x0000020fb99b7da2 sp=0x0000001e847fdfc8 mode 2
Event: 18.532 Thread 0x0000020fa86c3750 Uncommon trap: trap_request=0xffffffc6 fr.pc=0x0000020fba1f57d4 relative=0x0000000000001ed4
Event: 18.532 Thread 0x0000020fa86c3750 Uncommon trap: reason=bimorphic_or_optimized_type_check action=maybe_recompile pc=0x0000020fba1f57d4 method=org.springframework.core.annotation.AnnotationsScanner.processClassHierarchy(Ljava/lang/Object;[ILjava/lang/Class;Lorg/springframework/core/annotat
Event: 18.532 Thread 0x0000020fa86c3750 DEOPT PACKING pc=0x0000020fba1f57d4 sp=0x0000001e847fdf90
Event: 18.532 Thread 0x0000020fa86c3750 DEOPT UNPACKING pc=0x0000020fb99b7da2 sp=0x0000001e847fdf88 mode 2
Event: 18.931 Thread 0x0000020fa86c3750 DEOPT PACKING pc=0x0000020fb2cef358 sp=0x0000001e847fb860
Event: 18.931 Thread 0x0000020fa86c3750 DEOPT UNPACKING pc=0x0000020fb99b88e2 sp=0x0000001e847fad18 mode 0

Classes loaded (20 events):
Event: 17.858 Loading class java/io/OptionalDataException
Event: 17.858 Loading class java/io/OptionalDataException done
Event: 17.888 Loading class java/util/zip/GZIPOutputStream
Event: 17.889 Loading class java/util/zip/DeflaterOutputStream
Event: 17.889 Loading class java/util/zip/DeflaterOutputStream done
Event: 17.889 Loading class java/util/zip/GZIPOutputStream done
Event: 17.889 Loading class java/util/zip/GZIPInputStream
Event: 17.889 Loading class java/util/zip/GZIPInputStream done
Event: 18.245 Loading class sun/reflect/annotation/AnnotationInvocationHandler$1
Event: 18.246 Loading class sun/reflect/annotation/AnnotationInvocationHandler$1 done
Event: 18.498 Loading class java/util/regex/PatternSyntaxException
Event: 18.499 Loading class java/util/regex/PatternSyntaxException done
Event: 18.508 Loading class java/util/Comparators$NullComparator
Event: 18.509 Loading class java/util/Comparators$NullComparator done
Event: 18.840 Loading class java/util/EnumMap$EntrySet
Event: 18.841 Loading class java/util/EnumMap$EntrySet done
Event: 18.841 Loading class java/util/EnumMap$EntryIterator
Event: 18.841 Loading class java/util/EnumMap$EnumMapIterator
Event: 18.841 Loading class java/util/EnumMap$EnumMapIterator done
Event: 18.841 Loading class java/util/EnumMap$EntryIterator done

Classes unloaded (0 events):
No events

Classes redefined (0 events):
No events

Internal exceptions (20 events):
Event: 16.626 Thread 0x0000020fa86c3750 Exception <a 'java/lang/NoSuchMethodError'{0x00000000c7087c08}: 'java.lang.Object java.lang.invoke.DirectMethodHandle$Holder.invokeSpecial(java.lang.Object, java.lang.Object, java.lang.Object, java.lang.Object, java.lang.Object, java.lang.Object, java.lang.Object, java.lang.Object, java.lang.Object, java.lang.Object, java.lang.Object, java.lang.Object, java.lang.Object)'> (0x00000000c7087c08) 
thrown [s\open\src\hotspot\share\interpreter\linkResolver.cpp, line 774]
Event: 16.626 Thread 0x0000020fa86c3750 Exception <a 'java/lang/NoSuchMethodError'{0x00000000c708c0e0}: 'java.lang.Object java.lang.invoke.Invokers$Holder.linkToTargetMethod(java.lang.Object, java.lang.Object, java.lang.Object, java.lang.Object, java.lang.Object, java.lang.Object, java.lang.Object, java.lang.Object, java.lang.Object, java.lang.Object, java.lang.Object, java.lang.Object)'> (0x00000000c708c0e0) 
thrown [s\open\src\hotspot\share\interpreter\linkResolver.cpp, line 774]
Event: 16.659 Thread 0x0000020fa86c3750 Exception <a 'java/lang/IncompatibleClassChangeError'{0x00000000c6e0b748}: Found class java.lang.Object, but interface was expected> (0x00000000c6e0b748) 
thrown [s\open\src\hotspot\share\interpreter\linkResolver.cpp, line 841]
Event: 16.669 Thread 0x0000020fa86c3750 Exception <a 'java/lang/NoSuchMethodError'{0x00000000c6e7dbb8}: 'java.lang.Object java.lang.invoke.DirectMethodHandle$Holder.newInvokeSpecial(java.lang.Object, java.lang.Object, java.lang.Object, java.lang.Object, java.lang.Object, java.lang.Object, java.lang.Object, int)'> (0x00000000c6e7dbb8) 
thrown [s\open\src\hotspot\share\interpreter\linkResolver.cpp, line 774]
Event: 16.670 Thread 0x0000020fa86c3750 Exception <a 'java/lang/NoSuchMethodError'{0x00000000c6e82148}: 'java.lang.Object java.lang.invoke.DirectMethodHandle$Holder.invokeSpecial(java.lang.Object, java.lang.Object, java.lang.Object, java.lang.Object, java.lang.Object, java.lang.Object, java.lang.Object, java.lang.Object, int)'> (0x00000000c6e82148) 
thrown [s\open\src\hotspot\share\interpreter\linkResolver.cpp, line 774]
Event: 16.670 Thread 0x0000020fa86c3750 Exception <a 'java/lang/NoSuchMethodError'{0x00000000c6e86160}: 'java.lang.Object java.lang.invoke.Invokers$Holder.linkToTargetMethod(java.lang.Object, java.lang.Object, java.lang.Object, java.lang.Object, java.lang.Object, java.lang.Object, int, java.lang.Object)'> (0x00000000c6e86160) 
thrown [s\open\src\hotspot\share\interpreter\linkResolver.cpp, line 774]
Event: 16.687 Thread 0x0000020fa86c3750 Exception <a 'java/lang/NoSuchMethodError'{0x00000000c6d49758}: 'void java.lang.invoke.DirectMethodHandle$Holder.invokeInterface(java.lang.Object, java.lang.Object)'> (0x00000000c6d49758) 
thrown [s\open\src\hotspot\share\interpreter\linkResolver.cpp, line 774]
Event: 16.860 Thread 0x0000020fa86c3750 Exception <a 'java/lang/NoSuchMethodError'{0x00000000c6af8308}: 'void java.lang.invoke.Invokers$Holder.invokeExact_MT(java.lang.Object, java.lang.Object, java.lang.Object, java.lang.Object)'> (0x00000000c6af8308) 
thrown [s\open\src\hotspot\share\interpreter\linkResolver.cpp, line 774]
Event: 17.027 Thread 0x0000020fa86c3750 Exception <a 'java/lang/IncompatibleClassChangeError'{0x00000000c65542c8}: Found class java.lang.Object, but interface was expected> (0x00000000c65542c8) 
thrown [s\open\src\hotspot\share\interpreter\linkResolver.cpp, line 841]
Event: 17.099 Thread 0x0000020fa86c3750 Exception <a 'java/lang/IncompatibleClassChangeError'{0x00000000c64e2130}: Found class java.lang.Object, but interface was expected> (0x00000000c64e2130) 
thrown [s\open\src\hotspot\share\interpreter\linkResolver.cpp, line 841]
Event: 17.406 Thread 0x0000020fa86c3750 Exception <a 'java/lang/IncompatibleClassChangeError'{0x00000000c73b5cd8}: Found class java.lang.Object, but interface was expected> (0x00000000c73b5cd8) 
thrown [s\open\src\hotspot\share\interpreter\linkResolver.cpp, line 841]
Event: 17.493 Thread 0x0000020fa86c3750 Exception <a 'java/lang/IncompatibleClassChangeError'{0x00000000c702c008}: Found class java.lang.Object, but interface was expected> (0x00000000c702c008) 
thrown [s\open\src\hotspot\share\interpreter\linkResolver.cpp, line 841]
Event: 17.648 Thread 0x0000020fa86c3750 Exception <a 'java/lang/NoSuchMethodError'{0x00000000c6d11740}: 'java.lang.Object java.lang.invoke.DirectMethodHandle$Holder.newInvokeSpecial(java.lang.Object, java.lang.Object, int, java.lang.Object, java.lang.Object)'> (0x00000000c6d11740) 
thrown [s\open\src\hotspot\share\interpreter\linkResolver.cpp, line 774]
Event: 17.673 Thread 0x0000020fa86c3750 Exception <a 'java/lang/NoSuchMethodError'{0x00000000c6dc3b48}: 'java.lang.Object java.lang.invoke.DirectMethodHandle$Holder.newInvokeSpecial(java.lang.Object, java.lang.Object, java.lang.Object, java.lang.Object, java.lang.Object, java.lang.Object, java.lang.Object, java.lang.Object)'> (0x00000000c6dc3b48) 
thrown [s\open\src\hotspot\share\interpreter\linkResolver.cpp, line 774]
Event: 17.732 Thread 0x0000020fa86c3750 Exception <a 'java/lang/NoSuchMethodError'{0x00000000c6b49a68}: 'void java.lang.invoke.Invokers$Holder.invokeExact_MT(java.lang.Object, java.lang.Object, int, java.lang.Object)'> (0x00000000c6b49a68) 
thrown [s\open\src\hotspot\share\interpreter\linkResolver.cpp, line 774]
Event: 17.803 Thread 0x0000020fa86c3750 Exception <a 'java/lang/NoSuchMethodError'{0x00000000c69f3560}: 'int java.lang.invoke.DirectMethodHandle$Holder.invokeStaticInit(java.lang.Object, int, java.lang.Object, java.lang.Object, java.lang.Object, java.lang.Object)'> (0x00000000c69f3560) 
thrown [s\open\src\hotspot\share\interpreter\linkResolver.cpp, line 774]
Event: 17.876 Thread 0x0000020fa86c3750 Exception <a 'java/lang/NoSuchMethodError'{0x00000000c677c438}: 'void java.lang.invoke.DirectMethodHandle$Holder.invokeStatic(java.lang.Object, java.lang.Object, java.lang.Object, int)'> (0x00000000c677c438) 
thrown [s\open\src\hotspot\share\interpreter\linkResolver.cpp, line 774]
Event: 18.005 Thread 0x0000020fa86c3750 Exception <a 'java/lang/IncompatibleClassChangeError'{0x00000000c6534bc0}: Found class java.lang.Object, but interface was expected> (0x00000000c6534bc0) 
thrown [s\open\src\hotspot\share\interpreter\linkResolver.cpp, line 841]
Event: 18.577 Thread 0x0000020fa86c3750 Exception <a 'java/lang/NoSuchMethodError'{0x00000000c6f70740}: 'void java.lang.invoke.DelegatingMethodHandle$Holder.reinvoke_L(java.lang.Object, java.lang.Object, int, java.lang.Object)'> (0x00000000c6f70740) 
thrown [s\open\src\hotspot\share\interpreter\linkResolver.cpp, line 774]
Event: 18.959 Thread 0x0000020fa86c3750 Exception <a 'java/lang/IncompatibleClassChangeError'{0x00000000c6a98c18}: Found class java.lang.Object, but interface was expected> (0x00000000c6a98c18) 
thrown [s\open\src\hotspot\share\interpreter\linkResolver.cpp, line 841]

ZGC Phase Switch (0 events):
No events

VM Operations (20 events):
Event: 17.293 Executing VM operation: G1CollectForAllocation (G1 Evacuation Pause)
Event: 17.298 Executing VM operation: G1CollectForAllocation (G1 Evacuation Pause) done
Event: 17.424 Executing VM operation: HandshakeAllThreads (Deoptimize)
Event: 17.424 Executing VM operation: HandshakeAllThreads (Deoptimize) done
Event: 17.425 Executing VM operation: HandshakeAllThreads (Deoptimize)
Event: 17.426 Executing VM operation: HandshakeAllThreads (Deoptimize) done
Event: 17.596 Executing VM operation: ICBufferFull
Event: 17.596 Executing VM operation: ICBufferFull done
Event: 18.278 Executing VM operation: G1CollectForAllocation (G1 Evacuation Pause)
Event: 18.287 Executing VM operation: G1CollectForAllocation (G1 Evacuation Pause) done
Event: 18.310 Executing VM operation: HandshakeAllThreads (Deoptimize)
Event: 18.310 Executing VM operation: HandshakeAllThreads (Deoptimize) done
Event: 18.407 Executing VM operation: HandshakeAllThreads (Deoptimize)
Event: 18.407 Executing VM operation: HandshakeAllThreads (Deoptimize) done
Event: 18.538 Executing VM operation: HandshakeAllThreads (Deoptimize)
Event: 18.538 Executing VM operation: HandshakeAllThreads (Deoptimize) done
Event: 18.539 Executing VM operation: HandshakeAllThreads (Deoptimize)
Event: 18.539 Executing VM operation: HandshakeAllThreads (Deoptimize) done
Event: 18.999 Executing VM operation: HandshakeAllThreads (Deoptimize)
Event: 18.999 Executing VM operation: HandshakeAllThreads (Deoptimize) done

Memory protections (0 events):
No events

Nmethod flushes (20 events):
Event: 16.446 Thread 0x0000020fc5303170 flushing  nmethod 0x0000020fb2907190
Event: 16.446 Thread 0x0000020fc5303170 flushing  nmethod 0x0000020fb2933a90
Event: 16.446 Thread 0x0000020fc5303170 flushing  nmethod 0x0000020fb29ad490
Event: 16.446 Thread 0x0000020fc5303170 flushing  nmethod 0x0000020fb29b0b10
Event: 16.446 Thread 0x0000020fc5303170 flushing  nmethod 0x0000020fb29b1390
Event: 16.446 Thread 0x0000020fc5303170 flushing  nmethod 0x0000020fb2a3eb90
Event: 16.446 Thread 0x0000020fc5303170 flushing  nmethod 0x0000020fb2af7c10
Event: 16.446 Thread 0x0000020fc5303170 flushing  nmethod 0x0000020fb2b30390
Event: 16.446 Thread 0x0000020fc5303170 flushing  nmethod 0x0000020fb2b47210
Event: 16.446 Thread 0x0000020fc5303170 flushing  nmethod 0x0000020fb2bc4990
Event: 16.446 Thread 0x0000020fc5303170 flushing  nmethod 0x0000020fb2c28110
Event: 16.446 Thread 0x0000020fc5303170 flushing  nmethod 0x0000020fb2cc3e10
Event: 16.446 Thread 0x0000020fc5303170 flushing  nmethod 0x0000020fb2cc4790
Event: 16.446 Thread 0x0000020fc5303170 flushing  nmethod 0x0000020fb2ceaa90
Event: 16.446 Thread 0x0000020fc5303170 flushing  nmethod 0x0000020fb2ceb010
Event: 16.446 Thread 0x0000020fc5303170 flushing  nmethod 0x0000020fb2ceb890
Event: 16.446 Thread 0x0000020fc5303170 flushing  nmethod 0x0000020fb2cef710
Event: 16.446 Thread 0x0000020fc5303170 flushing  nmethod 0x0000020fb2cfae10
Event: 16.446 Thread 0x0000020fc5303170 flushing  nmethod 0x0000020fb2cfb210
Event: 16.446 Thread 0x0000020fc5303170 flushing  nmethod 0x0000020fb2d0f290

Events (20 events):
Event: 2.368 Thread 0x0000020fa86c3750 Thread added: 0x000002100b274840
Event: 2.369 Thread 0x0000020fa86c3750 Thread added: 0x000002100b278d00
Event: 5.617 Thread 0x0000020fa86c3750 Thread added: 0x000002100b536bc0
Event: 5.951 Thread 0x000002100b536bc0 Thread exited: 0x000002100b536bc0
Event: 6.156 Thread 0x0000020fa86c3750 Thread added: 0x000002100b99f290
Event: 6.387 Thread 0x0000020fc532c260 Thread added: 0x000002100c0d9830
Event: 7.335 Thread 0x000002100b99f290 Thread exited: 0x000002100b99f290
Event: 7.792 Thread 0x000002100c0d9830 Thread exited: 0x000002100c0d9830
Event: 8.434 Thread 0x0000020fc53606d0 Thread added: 0x000002100cf09cd0
Event: 8.446 Thread 0x0000020fa86c3750 Thread added: 0x000002100e36cfe0
Event: 8.578 Thread 0x000002100e36cfe0 Thread exited: 0x000002100e36cfe0
Event: 9.119 Thread 0x000002100cf09cd0 Thread exited: 0x000002100cf09cd0
Event: 12.469 Thread 0x0000020fa86c3750 Thread added: 0x000002100badcc00
Event: 12.472 Thread 0x000002100badcc00 Thread added: 0x000002100bade640
Event: 12.481 Thread 0x0000020fa86c3750 Thread added: 0x000002100badecd0
Event: 12.526 Thread 0x0000020fa86c3750 Thread added: 0x000002100badd290
Event: 14.744 Thread 0x0000020fa86c3750 Thread added: 0x000002100baddfb0
Event: 14.849 Thread 0x000002100baddfb0 Thread added: 0x000002100badf360
Event: 15.598 Thread 0x0000020fc53606d0 Thread added: 0x000002100d9efdb0
Event: 17.752 Thread 0x0000020fa86c3750 Thread added: 0x000002100badf9f0


Dynamic libraries:
0x00007ff62a350000 - 0x00007ff62a35e000 	C:\Users\TRIMOYEE\.jdks\openjdk-22.0.2\bin\java.exe
0x00007ff941d60000 - 0x00007ff941fc0000 	C:\WINDOWS\SYSTEM32\ntdll.dll
0x00007ff940fb0000 - 0x00007ff941077000 	C:\WINDOWS\System32\KERNEL32.DLL
0x00007ff93f380000 - 0x00007ff93f74a000 	C:\WINDOWS\System32\KERNELBASE.dll
0x00007ff93fa10000 - 0x00007ff93fb5b000 	C:\WINDOWS\System32\ucrtbase.dll
0x00007ff936ba0000 - 0x00007ff936bb7000 	C:\Users\TRIMOYEE\.jdks\openjdk-22.0.2\bin\jli.dll
0x00007ff940a00000 - 0x00007ff940bcc000 	C:\WINDOWS\System32\USER32.dll
0x00007ff93f350000 - 0x00007ff93f377000 	C:\WINDOWS\System32\win32u.dll
0x00007ff9414d0000 - 0x00007ff9414fa000 	C:\WINDOWS\System32\GDI32.dll
0x00007ff93f210000 - 0x00007ff93f341000 	C:\WINDOWS\System32\gdi32full.dll
0x00007ff93f750000 - 0x00007ff93f7f3000 	C:\WINDOWS\System32\msvcp_win.dll
0x00007ff936870000 - 0x00007ff93688b000 	C:\Users\TRIMOYEE\.jdks\openjdk-22.0.2\bin\VCRUNTIME140.dll
0x00007ff928730000 - 0x00007ff9289c7000 	C:\WINDOWS\WinSxS\amd64_microsoft.windows.common-controls_6595b64144ccf1df_6.0.26100.3624_none_3e086962e3345f24\COMCTL32.dll
0x00007ff940950000 - 0x00007ff9409f9000 	C:\WINDOWS\System32\msvcrt.dll
0x00007ff941190000 - 0x00007ff9411bf000 	C:\WINDOWS\System32\IMM32.DLL
0x00007ff936b70000 - 0x00007ff936b7c000 	C:\Users\TRIMOYEE\.jdks\openjdk-22.0.2\bin\vcruntime140_1.dll
0x00007ff9183b0000 - 0x00007ff91843e000 	C:\Users\TRIMOYEE\.jdks\openjdk-22.0.2\bin\msvcp140.dll
0x00007ff8ccdd0000 - 0x00007ff8cdb19000 	C:\Users\TRIMOYEE\.jdks\openjdk-22.0.2\bin\server\jvm.dll
0x00007ff941600000 - 0x00007ff9416b2000 	C:\WINDOWS\System32\ADVAPI32.dll
0x00007ff941340000 - 0x00007ff9413e6000 	C:\WINDOWS\System32\sechost.dll
0x00007ff940080000 - 0x00007ff940196000 	C:\WINDOWS\System32\RPCRT4.dll
0x00007ff940000000 - 0x00007ff940074000 	C:\WINDOWS\System32\WS2_32.dll
0x00007ff93ed90000 - 0x00007ff93edee000 	C:\WINDOWS\SYSTEM32\POWRPROF.dll
0x00007ff926630000 - 0x00007ff926666000 	C:\WINDOWS\SYSTEM32\WINMM.dll
0x00007ff92efb0000 - 0x00007ff92efbb000 	C:\WINDOWS\SYSTEM32\VERSION.dll
0x00007ff93ed70000 - 0x00007ff93ed84000 	C:\WINDOWS\SYSTEM32\UMPDC.dll
0x00007ff93dd30000 - 0x00007ff93dd4a000 	C:\WINDOWS\SYSTEM32\kernel.appcore.dll
0x00007ff934f20000 - 0x00007ff934f2a000 	C:\Users\TRIMOYEE\.jdks\openjdk-22.0.2\bin\jimage.dll
0x00007ff93c880000 - 0x00007ff93cac1000 	C:\WINDOWS\SYSTEM32\DBGHELP.DLL
0x00007ff9416c0000 - 0x00007ff941a42000 	C:\WINDOWS\System32\combase.dll
0x00007ff9413f0000 - 0x00007ff9414c6000 	C:\WINDOWS\System32\OLEAUT32.dll
0x00007ff921a10000 - 0x00007ff921a49000 	C:\WINDOWS\SYSTEM32\dbgcore.DLL
0x00007ff93ef40000 - 0x00007ff93efd9000 	C:\WINDOWS\System32\bcryptPrimitives.dll
0x00007ff934f10000 - 0x00007ff934f1f000 	C:\Users\TRIMOYEE\.jdks\openjdk-22.0.2\bin\instrument.dll
0x00007ff933860000 - 0x00007ff93387e000 	C:\Users\TRIMOYEE\.jdks\openjdk-22.0.2\bin\java.dll
0x00007ff940220000 - 0x00007ff940949000 	C:\WINDOWS\System32\SHELL32.dll
0x00007ff93f0a0000 - 0x00007ff93f208000 	C:\WINDOWS\System32\wintypes.dll
0x00007ff940c00000 - 0x00007ff940d96000 	C:\WINDOWS\System32\ole32.dll
0x00007ff93cbc0000 - 0x00007ff93d412000 	C:\WINDOWS\SYSTEM32\windows.storage.dll
0x00007ff9410a0000 - 0x00007ff94118d000 	C:\WINDOWS\System32\SHCORE.dll
0x00007ff9401b0000 - 0x00007ff940214000 	C:\WINDOWS\System32\shlwapi.dll
0x00007ff93ee50000 - 0x00007ff93ee7f000 	C:\WINDOWS\SYSTEM32\profapi.dll
0x00007ff917720000 - 0x00007ff9177f7000 	C:\Users\TRIMOYEE\.jdks\openjdk-22.0.2\bin\jsvml.dll
0x00007ff933740000 - 0x00007ff933757000 	C:\Users\TRIMOYEE\.jdks\openjdk-22.0.2\bin\zip.dll
0x00007ff933850000 - 0x00007ff933860000 	C:\Users\TRIMOYEE\.jdks\openjdk-22.0.2\bin\net.dll
0x00007ff93e270000 - 0x00007ff93e2da000 	C:\WINDOWS\system32\mswsock.dll
0x00007ff933830000 - 0x00007ff933846000 	C:\Users\TRIMOYEE\.jdks\openjdk-22.0.2\bin\nio.dll
0x00007ff933720000 - 0x00007ff93373a000 	C:\Program Files\JetBrains\IntelliJ IDEA Community Edition 2024.2.0.1\bin\breakgen64.dll
0x00007ff933820000 - 0x00007ff933829000 	C:\Users\TRIMOYEE\.jdks\openjdk-22.0.2\bin\extnet.dll
0x00007ff93d730000 - 0x00007ff93d763000 	C:\WINDOWS\SYSTEM32\IPHLPAPI.DLL
0x00007ff941330000 - 0x00007ff94133a000 	C:\WINDOWS\System32\NSI.dll
0x00007ff93d7c0000 - 0x00007ff93d8e5000 	C:\WINDOWS\SYSTEM32\DNSAPI.dll
0x00007ff92a970000 - 0x00007ff92a97b000 	C:\Windows\System32\rasadhlp.dll
0x00007ff92e780000 - 0x00007ff92e805000 	C:\WINDOWS\System32\fwpuclnt.dll
0x00007ff933690000 - 0x00007ff93369b000 	C:\Users\TRIMOYEE\.jdks\openjdk-22.0.2\bin\le.dll
0x00007ff9336a0000 - 0x00007ff9336ae000 	C:\Users\TRIMOYEE\.jdks\openjdk-22.0.2\bin\sunmscapi.dll
0x00007ff93f800000 - 0x00007ff93f977000 	C:\WINDOWS\System32\CRYPT32.dll
0x00007ff93e710000 - 0x00007ff93e740000 	C:\WINDOWS\SYSTEM32\ncrypt.dll
0x00007ff93e6c0000 - 0x00007ff93e6ff000 	C:\WINDOWS\SYSTEM32\NTASN1.dll
0x00007ff93e510000 - 0x00007ff93e52c000 	C:\WINDOWS\SYSTEM32\CRYPTSP.dll
0x00007ff93dc90000 - 0x00007ff93dcca000 	C:\WINDOWS\system32\rsaenh.dll
0x00007ff93e310000 - 0x00007ff93e33b000 	C:\WINDOWS\SYSTEM32\USERENV.dll
0x00007ff93ee20000 - 0x00007ff93ee46000 	C:\WINDOWS\SYSTEM32\bcrypt.dll
0x00007ff93e530000 - 0x00007ff93e53c000 	C:\WINDOWS\SYSTEM32\CRYPTBASE.dll
0x00007ff933710000 - 0x00007ff93371a000 	C:\Users\TRIMOYEE\.jdks\openjdk-22.0.2\bin\management.dll
0x00007ff933700000 - 0x00007ff93370b000 	C:\Users\TRIMOYEE\.jdks\openjdk-22.0.2\bin\management_ext.dll
0x00007ff93fff0000 - 0x00007ff93fff8000 	C:\WINDOWS\System32\PSAPI.DLL
0x00007ff92f700000 - 0x00007ff92f710000 	C:\Users\TRIMOYEE\.jdks\openjdk-22.0.2\bin\verify.dll

dbghelp: loaded successfully - version: 4.0.5 - missing functions: none
symbol engine: initialized successfully - sym options: 0x614 - pdb path: .;C:\Users\TRIMOYEE\.jdks\openjdk-22.0.2\bin;C:\WINDOWS\SYSTEM32;C:\WINDOWS\WinSxS\amd64_microsoft.windows.common-controls_6595b64144ccf1df_6.0.26100.3624_none_3e086962e3345f24;C:\Users\TRIMOYEE\.jdks\openjdk-22.0.2\bin\server;C:\Program Files\JetBrains\IntelliJ IDEA Community Edition 2024.2.0.1\bin

VM Arguments:
jvm_args: -javaagent:C:\Program Files\JetBrains\IntelliJ IDEA Community Edition 2024.2.0.1\lib\idea_rt.jar=61019:C:\Program Files\JetBrains\IntelliJ IDEA Community Edition 2024.2.0.1\bin -Dfile.encoding=UTF-8 -Dsun.stdout.encoding=UTF-8 -Dsun.stderr.encoding=UTF-8 
java_command: com.user.UserMicroservice.UserMicroserviceApplication
java_class_path (initial): D:\Backend\SafeHer\UserMicroservice\target\classes;C:\Users\TRIMOYEE\.m2\repository\org\springframework\boot\spring-boot-starter-data-jpa\3.4.4\spring-boot-starter-data-jpa-3.4.4.jar;C:\Users\TRIMOYEE\.m2\repository\org\springframework\boot\spring-boot-starter\3.4.4\spring-boot-starter-3.4.4.jar;C:\Users\TRIMOYEE\.m2\repository\org\springframework\boot\spring-boot\3.4.4\spring-boot-3.4.4.jar;C:\Users\TRIMOYEE\.m2\repository\org\springframework\boot\spring-boot-autoconfigure\3.4.4\spring-boot-autoconfigure-3.4.4.jar;C:\Users\TRIMOYEE\.m2\repository\org\springframework\boot\spring-boot-starter-logging\3.4.4\spring-boot-starter-logging-3.4.4.jar;C:\Users\TRIMOYEE\.m2\repository\ch\qos\logback\logback-classic\1.5.18\logback-classic-1.5.18.jar;C:\Users\TRIMOYEE\.m2\repository\ch\qos\logback\logback-core\1.5.18\logback-core-1.5.18.jar;C:\Users\TRIMOYEE\.m2\repository\org\apache\logging\log4j\log4j-to-slf4j\2.24.3\log4j-to-slf4j-2.24.3.jar;C:\Users\TRIMOYEE\.m2\repository\org\apache\logging\log4j\log4j-api\2.24.3\log4j-api-2.24.3.jar;C:\Users\TRIMOYEE\.m2\repository\org\slf4j\jul-to-slf4j\2.0.17\jul-to-slf4j-2.0.17.jar;C:\Users\TRIMOYEE\.m2\repository\jakarta\annotation\jakarta.annotation-api\2.1.1\jakarta.annotation-api-2.1.1.jar;C:\Users\TRIMOYEE\.m2\repository\org\yaml\snakeyaml\2.3\snakeyaml-2.3.jar;C:\Users\TRIMOYEE\.m2\repository\org\springframework\boot\spring-boot-starter-jdbc\3.4.4\spring-boot-starter-jdbc-3.4.4.jar;C:\Users\TRIMOYEE\.m2\repository\com\zaxxer\HikariCP\5.1.0\HikariCP-5.1.0.jar;C:\Users\TRIMOYEE\.m2\repository\org\springframework\spring-jdbc\6.2.5\spring-jdbc-6.2.5.jar;C:\Users\TRIMOYEE\.m2\repository\org\hibernate\orm\hibernate-core\6.6.11.Final\hibernate-core-6.6.11.Final.jar;C:\Users\TRIMOYEE\.m2\repository\jakarta\persistence\jakarta.persistence-api\3.1.0\jakarta.persistence-api-3.1.0.jar;C:\Users\TRIMOYEE\.m2\repository\jakarta\transaction\jakarta.transaction-api\2.0.1\jakarta.transaction-api-2.0.1.jar;C:\Users\TRIMOYEE\.m2\repository\org\jboss\logging\jboss-logging\3.6.1.Final\jboss-logging-3.6.1.Final.jar;C:\Users\TRIMOYEE\.m2\repository\org\hibernate\common\hibernate-commons-annotations\7.0.3.Final\hibernate-commons-annotations-7.0.3.Final.jar;C:\Users\TRIMOYEE\.m2\repository\io\smallrye\jandex\3.2.0\jandex-3.2.0.jar;C:\Users\TRIMOYEE\.m2\repository\com\fasterxml\classmate\1.7.0\classmate-1.7.0.jar;C:\Users\TRIMOYEE\.m2\repository\net\bytebuddy\byte-buddy\1.15.11\byte-buddy-1.15.11.jar;C:\Users\TRIMOYEE\.m2\repository\org\glassfish\jaxb\jaxb-runtime\4.0.5\jaxb-runtime-4.0.5.jar;C:\Users\TRIMOYEE\.m2\repository\org\glassfish\jaxb\jaxb-core\4.0.5\jaxb-core-4.0.5.jar;C:\Users\TRIMOYEE\.m2\repository\org\eclipse\angus\angus-activation\2.0.2\angus-activation-2.0.2.jar;C:\Users\TRIMOYEE\.m2\repository\org\glassfish\jaxb\txw2\4.0.5\txw2-4.0.5.jar;C:\Users\TRIMOYEE\.m2\repository\com\sun\istack\istack-commons-runtime\4.1.2\istack-commons-runtime-4.1.2.jar;C:\Users\TRIMOYEE\.m2\repository\jakarta\inject\jakarta.inject-api\2.0.1\jakarta.inject-api-2.0.1.jar;C:\Users\TRIMOYEE\.m2\repository\org\antlr\antlr4-runtime\4.13.0\antlr4-runtime-4.13.0.jar;C:\Users\TRIMOYEE\.m2\repository\org\springframework\data\spring-data-jpa\3.4.4\spring-data-jpa-3.4.4.jar;C:\Users\TRIMOYEE\.m2\repository\org\springframework\data\spring-data-commons\3.4.4\spring-data-commons-3.4.4.jar;C:\Users\TRIMOYEE\.m2\repository\org\springframework\spring-orm\6.2.5\spring-orm-6.2.5.jar;C:\Users\TRIMOYEE\.m2\repository\org\springframework\spring-context\6.2.5\spring-context-6.2.5.jar;C:\Users\TRIMOYEE\.m2\repository\org\springframework\spring-aop\6.2.5\spring-aop-6.2.5.jar;C:\Users\TRIMOYEE\.m2\repository\org\springframework\spring-tx\6.2.5\spring-tx-6.2.5.jar;C:\Users\TRIMOYEE\.m2\repository\org\springframework\spring-beans\6.2.5\spring-beans-6.2.5.jar;C:\Users\TRIMOYEE\.m2\repository\org\slf4j\slf4j-api\2.0.17\slf4j-api-2.0.17.jar;C:\Users\TRIMOYEE\.m2\repository\org\springframework\spring-aspects\6.2.5\spring-aspects-6.2.5.jar;C:\Users\TRIMOYEE\.m2\repository\org\aspectj\aspectjweaver\1.9.23\aspectjweaver-1.9.23.jar;C:\Users\TRIMOYEE\.m2\repository\org\springframework\boot\spring-boot-starter-web\3.4.4\spring-boot-starter-web-3.4.4.jar;C:\Users\TRIMOYEE\.m2\repository\org\springframework\boot\spring-boot-starter-json\3.4.4\spring-boot-starter-json-3.4.4.jar;C:\Users\TRIMOYEE\.m2\repository\com\fasterxml\jackson\core\jackson-databind\2.18.3\jackson-databind-2.18.3.jar;C:\Users\TRIMOYEE\.m2\repository\com\fasterxml\jackson\datatype\jackson-datatype-jdk8\2.18.3\jackson-datatype-jdk8-2.18.3.jar;C:\Users\TRIMOYEE\.m2\repository\com\fasterxml\jackson\datatype\jackson-datatype-jsr310\2.18.3\jackson-datatype-jsr310-2.18.3.jar;C:\Users\TRIMOYEE\.m2\repository\com\fasterxml\jackson\module\jackson-module-parameter-names\2.18.3\jackson-module-parameter-names-2.18.3.jar;C:\Users\TRIMOYEE\.m2\repository\org\springframework\boot\spring-boot-starter-tomcat\3.4.4\spring-boot-starter-tomcat-3.4.4.jar;C:\Users\TRIMOYEE\.m2\repository\org\apache\tomcat\embed\tomcat-embed-core\10.1.39\tomcat-embed-core-10.1.39.jar;C:\Users\TRIMOYEE\.m2\repository\org\apache\tomcat\embed\tomcat-embed-el\10.1.39\tomcat-embed-el-10.1.39.jar;C:\Users\TRIMOYEE\.m2\repository\org\apache\tomcat\embed\tomcat-embed-websocket\10.1.39\tomcat-embed-websocket-10.1.39.jar;C:\Users\TRIMOYEE\.m2\repository\org\springframework\spring-web\6.2.5\spring-web-6.2.5.jar;C:\Users\TRIMOYEE\.m2\repository\io\micrometer\micrometer-observation\1.14.5\micrometer-observation-1.14.5.jar;C:\Users\TRIMOYEE\.m2\repository\io\micrometer\micrometer-commons\1.14.5\micrometer-commons-1.14.5.jar;C:\Users\TRIMOYEE\.m2\repository\org\springframework\spring-webmvc\6.2.5\spring-webmvc-6.2.5.jar;C:\Users\TRIMOYEE\.m2\repository\org\springframework\spring-expression\6.2.5\spring-expression-6.2.5.jar;C:\Users\TRIMOYEE\.m2\repository\org\springframework\cloud\spring-cloud-starter-openfeign\4.2.1\spring-cloud-starter-openfeign-4.2.1.jar;C:\Users\TRIMOYEE\.m2\repository\org\springframework\cloud\spring-cloud-openfeign-core\4.2.1\spring-cloud-openfeign-core-4.2.1.jar;C:\Users\TRIMOYEE\.m2\repository\io\github\openfeign\feign-form-spring\13.5\feign-form-spring-13.5.jar;C:\Users\TRIMOYEE\.m2\repository\io\github\openfeign\feign-form\13.5\feign-form-13.5.jar;C:\Users\TRIMOYEE\.m2\repository\commons-fileupload\commons-fileupload\1.5\commons-fileupload-1.5.jar;C:\Users\TRIMOYEE\.m2\repository\org\springframework\cloud\spring-cloud-commons\4.2.1\spring-cloud-commons-4.2.1.jar;C:\Users\TRIMOYEE\.m2\repository\org\springframework\security\spring-security-crypto\6.4.4\spring-security-crypto-6.4.4.jar;C:\Users\TRIMOYEE\.m2\repository\io\github\openfeign\feign-core\13.5\feign-core-13.5.jar;C:\Users\TRIMOYEE\.m2\repository\io\github\openfeign\feign-slf4j\13.5\feign-slf4j-13.5.jar;C:\Users\TRIMOYEE\.m2\repository\org\springframework\cloud\spring-cloud-starter\4.2.1\spring-cloud-starter-4.2.1.jar;C:\Users\TRIMOYEE\.m2\repository\org\springframework\cloud\spring-cloud-context\4.2.1\spring-cloud-context-4.2.1.jar;C:\Users\TRIMOYEE\.m2\repository\org\bouncycastle\bcprov-jdk18on\1.78.1\bcprov-jdk18on-1.78.1.jar;C:\Users\TRIMOYEE\.m2\repository\org\springframework\cloud\spring-cloud-starter-netflix-eureka-client\4.2.1\spring-cloud-starter-netflix-eureka-client-4.2.1.jar;C:\Users\TRIMOYEE\.m2\repository\org\springframework\cloud\spring-cloud-netflix-eureka-client\4.2.1\spring-cloud-netflix-eureka-client-4.2.1.jar;C:\Users\TRIMOYEE\.m2\repository\org\apache\httpcomponents\client5\httpclient5\5.4.2\httpclient5-5.4.2.jar;C:\Users\TRIMOYEE\.m2\repository\org\apache\httpcomponents\core5\httpcore5\5.3.3\httpcore5-5.3.3.jar;C:\Users\TRIMOYEE\.m2\repository\org\apache\httpcomponents\core5\httpcore5-h2\5.3.3\httpcore5-h2-5.3.3.jar;C:\Users\TRIMOYEE\.m2\repository\com\netflix\eureka\eureka-client\2.0.4\eureka-client-2.0.4.jar;C:\Users\TRIMOYEE\.m2\repository\com\thoughtworks\xstream\xstream\1.4.20\xstream-1.4.20.jar;C:\Users\TRIMOYEE\.m2\repository\io\github\x-stream\mxparser\1.2.2\mxparser-1.2.2.jar;C:\Users\TRIMOYEE\.m2\repository\xmlpull\xmlpull\1.1.3.1\xmlpull-1.1.3.1.jar;C:\Users\TRIMOYEE\.m2\repository\jakarta\ws\rs\jakarta.ws.rs-api\3.1.0\jakarta.ws.rs-api-3.1.0.jar;C:\Users\TRIMOYEE\.m2\repository\com\netflix\spectator\spectator-api\1.7.3\spectator-api-1.7.3.jar;C:\Users\TRIMOYEE\.m2\repository\org\apache\httpcomponents\httpclient\4.5.3\httpclient-4.5.3.jar;C:\Users\TRIMOYEE\.m2\repository\org\apache\httpcomponents\httpcore\4.4.16\httpcore-4.4.16.jar;C:\Users\TRIMOYEE\.m2\repository\commons-codec\commons-codec\1.17.2\commons-codec-1.17.2.jar;C:\Users\TRIMOYEE\.m2\repository\commons-configuration\commons-configuration\1.10\commons-configuration-1.10.jar;C:\Users\TRIMOYEE\.m2\repository\commons-lang\commons-lang\2.6\commons-lang-2.6.jar;C:\Users\TRIMOYEE\.m2\repository\com\fasterxml\jackson\core\jackson-annotations\2.18.3\jackson-annotations-2.18.3.jar;C:\Users\TRIMOYEE\.m2\repository\com\fasterxml\jackson\core\jackson-core\2.18.3\jackson-core-2.18.3.jar;C:\Users\TRIMOYEE\.m2\repository\com\netflix\netflix-commons\netflix-eventbus\0.3.0\netflix-eventbus-0.3.0.jar;C:\Users\TRIMOYEE\.m2\repository\com\netflix\netflix-commons\netflix-infix\0.3.0\netflix-infix-0.3.0.jar;C:\Users\TRIMOYEE\.m2\repository\commons-jxpath\commons-jxpath\1.3\commons-jxpath-1.3.jar;C:\Users\TRIMOYEE\.m2\repository\joda-time\joda-time\2.3\joda-time-2.3.jar;C:\Users\TRIMOYEE\.m2\repository\org\antlr\antlr-runtime\3.4\antlr-runtime-3.4.jar;C:\Users\TRIMOYEE\.m2\repository\org\antlr\stringtemplate\3.2.1\stringtemplate-3.2.1.jar;C:\Users\TRIMOYEE\.m2\repository\antlr\antlr\2.7.7\antlr-2.7.7.jar;C:\Users\TRIMOYEE\.m2\repository\com\google\guava\guava\14.0.1\guava-14.0.1.jar;C:\Users\TRIMOYEE\.m2\repository\com\google\code\gson\gson\2.11.0\gson-2.11.0.jar;C:\Users\TRIMOYEE\.m2\repository\com\google\errorprone\error_prone_annotations\2.27.0\error_prone_annotations-2.27.0.jar;C:\Users\TRIMOYEE\.m2\repository\com\netflix\servo\servo-core\0.5.3\servo-core-0.5.3.jar;C:\Users\TRIMOYEE\.m2\repository\org\apache\commons\commons-math\2.2\commons-math-2.2.jar;C:\Users\TRIMOYEE\.m2\repository\javax\annotation\javax.annotation-api\1.2\javax.annotation-api-1.2.jar;C:\Users\TRIMOYEE\.m2\repository\org\codehaus\jettison\jettison\1.5.4\jettison-1.5.4.jar;C:\Users\TRIMOYEE\.m2\repository\org\springframework\cloud\spring-cloud-starter-loadbalancer\4.2.1\spring-cloud-starter-loadbalancer-4.2.1.jar;C:\Users\TRIMOYEE\.m2\repository\org\springframework\cloud\spring-cloud-loadbalancer\4.2.1\spring-cloud-loadbalancer-4.2.1.jar;C:\Users\TRIMOYEE\.m2\repository\io\projectreactor\reactor-core\3.7.4\reactor-core-3.7.4.jar;C:\Users\TRIMOYEE\.m2\repository\org\reactivestreams\reactive-streams\1.0.4\reactive-streams-1.0.4.jar;C:\Users\TRIMOYEE\.m2\repository\io\projectreactor\addons\reactor-extra\3.5.2\reactor-extra-3.5.2.jar;C:\Users\TRIMOYEE\.m2\repository\org\springframework\boot\spring-boot-starter-cache\3.4.4\spring-boot-starter-cache-3.4.4.jar;C:\Users\TRIMOYEE\.m2\repository\org\springframework\spring-context-support\6.2.5\spring-context-support-6.2.5.jar;C:\Users\TRIMOYEE\.m2\repository\com\stoyanr\evictor\1.0.0\evictor-1.0.0.jar;C:\Users\TRIMOYEE\.m2\repository\com\mysql\mysql-connector-j\9.1.0\mysql-connector-j-9.1.0.jar;C:\Users\TRIMOYEE\.m2\repository\org\projectlombok\lombok\1.18.36\lombok-1.18.36.jar;C:\Users\TRIMOYEE\.m2\repository\jakarta\xml\bind\jakarta.xml.bind-api\4.0.2\jakarta.xml.bind-api-4.0.2.jar;C:\Users\TRIMOYEE\.m2\repository\jakarta\activation\jakarta.activation-api\2.1.3\jakarta.activation-api-2.1.3.jar;C:\Users\TRIMOYEE\.m2\repository\org\springframework\spring-core\6.2.5\spring-core-6.2.5.jar;C:\Users\TRIMOYEE\.m2\repository\org\springframework\spring-jcl\6.2.5\spring-jcl-6.2.5.jar
Launcher Type: SUN_STANDARD

[Global flags]
     intx CICompilerCount                          = 3                                         {product} {ergonomic}
     uint ConcGCThreads                            = 1                                         {product} {ergonomic}
     uint G1ConcRefinementThreads                  = 4                                         {product} {ergonomic}
   size_t G1HeapRegionSize                         = 1048576                                   {product} {ergonomic}
   size_t InitialHeapSize                          = 65011712                                  {product} {ergonomic}
   size_t MarkStackSize                            = 4194304                                   {product} {ergonomic}
   size_t MaxHeapSize                              = 1015021568                                {product} {ergonomic}
   size_t MaxNewSize                               = 608174080                                 {product} {ergonomic}
   size_t MinHeapDeltaBytes                        = 1048576                                   {product} {ergonomic}
   size_t MinHeapSize                              = 8388608                                   {product} {ergonomic}
    uintx NonNMethodCodeHeapSize                   = 5832780                                {pd product} {ergonomic}
    uintx NonProfiledCodeHeapSize                  = 122912730                              {pd product} {ergonomic}
    uintx ProfiledCodeHeapSize                     = 122912730                              {pd product} {ergonomic}
    uintx ReservedCodeCacheSize                    = 251658240                              {pd product} {ergonomic}
     bool SegmentedCodeCache                       = true                                      {product} {ergonomic}
   size_t SoftMaxHeapSize                          = 1015021568                             {manageable} {ergonomic}
     bool UseCompressedOops                        = true                           {product lp64_product} {ergonomic}
     bool UseG1GC                                  = true                                      {product} {ergonomic}
     bool UseLargePagesIndividualAllocation        = false                                  {pd product} {ergonomic}

Logging:
Log output configuration:
 #0: stdout all=warning uptime,level,tags foldmultilines=false
 #1: stderr all=off uptime,level,tags foldmultilines=false

Environment Variables:
PATH=C:\Python313\Scripts\;C:\Python313\;C:\Python311\Scripts\;C:\Python311\;C:\Program Files\Common Files\Oracle\Java\javapath;C:\WINDOWS\system32;C:\WINDOWS;C:\WINDOWS\System32\Wbem;C:\WINDOWS\System32\WindowsPowerShell\v1.0\;C:\WINDOWS\System32\OpenSSH\;C:\ProgramData\chocolatey\bin;C:\Program Files\MongoDB\Server\6.0\bin;C:\Program Files\Git\cmd;C:\Program Files\dotnet\;C:\Program Files\Java\jdk-20\bin;C:\Program Files\nodejs\;C:\Program Files\Google\Chrome\Application;C:\Python311\Scripts\;C:\Python311\;C:\Program Files\Common Files\Oracle\Java\javapath;C:\WINDOWS\system32;C:\WINDOWS;C:\WINDOWS\System32\Wbem;C:\WINDOWS\System32\WindowsPowerShell\v1.0\;C:\WINDOWS\System32\OpenSSH\;C:\ProgramData\chocolatey\bin;C:\Program Files\MongoDB\Server\6.0\bin;C:\Program Files\Git\cmd;C:\Program Files\dotnet\;C:\Program Files\Java\jdk-20\bin;C:\Program Files\nodejs\;C:\WebDriver\bin;C:\Program Files\JetBrains\PyCharm Community Edition 2023.2.3\bin;C:\Users\TRIMOYEE\AppData\L;D:\Microsoft VS Code\bin;C:\Users\TRIMOYEE\AppData\Local\Microsoft\WindowsApps;C:\Program Files\JetBrains\IntelliJ IDEA Community Edition 2024.2.0.1\bin;;C:\Users\TRIMOYEE\AppData\Local\GitHubDesktop\bin;C:\Users\TRIMOYEE\AppData\Roaming\npm
USERNAME=TRIMOYEE
OS=Windows_NT
PROCESSOR_IDENTIFIER=Intel64 Family 6 Model 126 Stepping 5, GenuineIntel
TMP=C:\Users\TRIMOYEE\AppData\Local\Temp
TEMP=C:\Users\TRIMOYEE\AppData\Local\Temp




Periodic native trim disabled

---------------  S Y S T E M  ---------------

OS:
 Windows 11 , 64 bit Build 26100 (10.0.26100.3775)
OS uptime: 2 days 5:41 hours
Hyper-V role detected

CPU: total 4 (initial active 4) (2 cores per cpu, 2 threads per core) family 6 model 126 stepping 5 microcode 0x86, cx8, cmov, fxsr, ht, mmx, 3dnowpref, sse, sse2, sse3, ssse3, sse4.1, sse4.2, popcnt, lzcnt, tsc, tscinvbit, avx, avx2, aes, erms, clmul, bmi1, bmi2, adx, avx512f, avx512dq, avx512cd, avx512bw, avx512vl, sha, fma, vzeroupper, avx512_vpopcntdq, avx512_vpclmulqdq, avx512_vaes, avx512_vnni, clflush, clflushopt, avx512_vbmi2, avx512_vbmi, hv, rdtscp, rdpid, fsrm, gfni, avx512_bitalg, f16c, avx512_ifma
Processor Information for all 4 processors :
  Max Mhz: 1190, Current Mhz: 1190, Mhz Limit: 1190

Memory: 4k page, system-wide physical 3871M (364M free)
TotalPageFile size 15647M (AvailPageFile size 18M)
current process WorkingSet (physical memory assigned to process): 257M, peak: 257M
current process commit charge ("private bytes"): 305M, peak: 305M

vm_info: OpenJDK 64-Bit Server VM (22.0.2+9-70) for windows-amd64 JRE (22.0.2+9-70), built on 2024-06-04T16:52:23Z by "mach5one" with MS VC++ 17.6 (VS2022)

END.
